2024-12-01 22:37:03,924 : DEBUG : main.py - デバッグ用ログ
2024-12-01 22:37:03,924 : INFO : main.py - 普通のログ
2024-12-01 22:37:03,924 : WARNING : main.py - やば目のログ
2024-12-01 23:02:13,507 : DEBUG : main.py - デバッグ用ログ
2024-12-01 23:02:13,507 : INFO : main.py - 普通のログ
2024-12-01 23:02:13,507 : WARNING : main.py - やば目のログ
2024-12-01 23:03:19,965 : DEBUG : main.py - デバッグ用ログ
2024-12-01 23:03:19,965 : DEBUG : main.py - デバッグ用ログ
2024-12-01 23:03:19,965 : INFO : main.py - 普通のログ
2024-12-01 23:03:19,965 : INFO : main.py - 普通のログ
2024-12-01 23:03:19,965 : WARNING : main.py - やば目のログ
2024-12-01 23:03:19,965 : WARNING : main.py - やば目のログ
2024-12-01 23:03:19,974 : INFO : test.py - 完了
2024-12-01 23:03:19,974 : INFO : test.py - 完了
2024-12-03 08:34:11,998 : DEBUG : main.py - <module> - デバッグ用ログ
2024-12-03 08:34:11,998 : DEBUG : main.py - <module> - デバッグ用ログ
2024-12-03 08:34:12,012 : INFO : main.py - <module> - 普通のログ
2024-12-03 08:34:12,012 : INFO : main.py - <module> - 普通のログ
2024-12-03 08:34:12,012 : WARNING : main.py - <module> - やば目のログ
2024-12-03 08:34:12,012 : WARNING : main.py - <module> - やば目のログ
2024-12-03 08:34:12,012 : INFO : test.py - test - 完了
2024-12-03 08:34:12,012 : INFO : test.py - test - 完了
2024-12-03 08:34:44,963 : DEBUG : main.py - <module> - デバッグ用ログ
2024-12-03 08:34:44,963 : DEBUG : main.py - <module> - デバッグ用ログ
2024-12-03 08:34:44,963 : INFO : main.py - <module> - 普通のログ
2024-12-03 08:34:44,963 : INFO : main.py - <module> - 普通のログ
2024-12-03 08:34:44,963 : WARNING : main.py - <module> - やば目のログ
2024-12-03 08:34:44,963 : WARNING : main.py - <module> - やば目のログ
2024-12-03 08:34:44,963 : INFO : test.py - test - 完了
2024-12-03 08:34:44,963 : INFO : test.py - test - 完了
2024-12-03 08:35:07,408 : DEBUG : main.py - <module> - デバッグ用ログ
2024-12-03 08:35:07,408 : DEBUG : main.py - <module> - デバッグ用ログ
2024-12-03 08:35:07,408 : INFO : main.py - <module> - 普通のログ
2024-12-03 08:35:07,408 : INFO : main.py - <module> - 普通のログ
2024-12-03 08:35:07,408 : WARNING : main.py - <module> - やば目のログ
2024-12-03 08:35:07,408 : WARNING : main.py - <module> - やば目のログ
2024-12-03 08:35:07,408 : INFO : test.py - test - 完了
2024-12-03 08:35:07,408 : INFO : test.py - test - 完了
